[WARNING][Fri, 12 Dec 25 14:27:02 +0800][d9bed3cc-3a35-0ec2-a3ee-80067ff48257] - [ip,useid,url,get,post][1][auth/menu/index],{"_url":"\/api\/auth\/menu\/index"},[]
[WARNING][Fri, 12 Dec 25 14:27:11 +0800][cad48622-4406-29d8-d2bd-2178dafec1f5] - [ip,useid,url,get,post][1][lesscode/index/listConfig],{"_url":"\/api\/lesscode\/index\/listConfig","guid":"minicarduser"},{"guid":"minicarduser"}
[WARNING][Fri, 12 Dec 25 14:27:17 +0800][1d96a1a7-ef5d-227b-0fe1-c756c6b99f9f] - [ip,useid,url,get,post][1][lesscode/index/list],{"_url":"\/api\/lesscode\/index\/list","guid":"minicarduser"},{"guid":"minicarduser","page":"1","limit":"15"}
[WARNING][Fri, 12 Dec 25 14:27:18 +0800][1d96a1a7-ef5d-227b-0fe1-c756c6b99f9f] - [ip,useid,url,get,post][1][operate/minicard/minicarduser/list],{"_url":"\/api\/lesscode\/index\/list","guid":"minicarduser"},{"guid":"minicarduser","page":"1","limit":"15"}
[WARNING][Fri, 12 Dec 25 14:27:17 +0800][e2e90148-ae84-fcc2-aec1-bbdbfb2c2bc1] - [ip,useid,url,get,post][1][auth/access/points],{"_url":"\/api\/auth\/access\/points","guid":"minicarduser"},[]
[WARNING][Fri, 12 Dec 25 14:37:33 +0800][bdcb143e-67ad-bfb7-9b5b-60e73de34b69] - [ip,useid,url,get,post][1][auth/menu/index],{"_url":"\/api\/auth\/menu\/index"},[]
[WARNING][Fri, 12 Dec 25 14:37:42 +0800][0f85fde8-801b-fe16-803b-8152af391e65] - [ip,useid,url,get,post][1][lesscode/index/listConfig],{"_url":"\/api\/lesscode\/index\/listConfig","guid":"minicarduser"},{"guid":"minicarduser"}
[WARNING][Fri, 12 Dec 25 14:37:47 +0800][d3fc1d2d-3d64-d684-df35-430e47e0cd37] - [ip,useid,url,get,post][1][lesscode/index/list],{"_url":"\/api\/lesscode\/index\/list","guid":"minicarduser"},{"guid":"minicarduser","page":"1","limit":"15"}
[WARNING][Fri, 12 Dec 25 14:37:48 +0800][d3fc1d2d-3d64-d684-df35-430e47e0cd37] - [ip,useid,url,get,post][1][operate/minicard/minicarduser/list],{"_url":"\/api\/lesscode\/index\/list","guid":"minicarduser"},{"guid":"minicarduser","page":"1","limit":"15"}
[WARNING][Fri, 12 Dec 25 14:37:47 +0800][5a460db7-483c-b4b7-03f0-720b68c1e521] - [ip,useid,url,get,post][1][auth/access/points],{"_url":"\/api\/auth\/access\/points","guid":"minicarduser"},[]
[WARNING][Fri, 12 Dec 25 14:38:33 +0800][90c8688a-3717-1ad9-2e14-ac74ac834629] - [ip,useid,url,get,post][1][auth/menu/index],{"_url":"\/api\/auth\/menu\/index"},[]
[WARNING][Fri, 12 Dec 25 14:38:38 +0800][2919ec48-16ed-c84b-2c48-303863ec5238] - [ip,useid,url,get,post][1][lesscode/index/listConfig],{"_url":"\/api\/lesscode\/index\/listConfig","guid":"minicarduser"},{"guid":"minicarduser"}
[WARNING][Fri, 12 Dec 25 14:38:43 +0800][8a289511-b65d-a5b9-accb-31c4a75a9953] - [ip,useid,url,get,post][1][auth/access/points],{"_url":"\/api\/auth\/access\/points","guid":"minicarduser"},[]
[WARNING][Fri, 12 Dec 25 14:38:43 +0800][295de860-1fda-7791-1d16-bb2250f448f5] - [ip,useid,url,get,post][1][lesscode/index/list],{"_url":"\/api\/lesscode\/index\/list","guid":"minicarduser"},{"guid":"minicarduser","page":"1","limit":"15"}
[WARNING][Fri, 12 Dec 25 14:38:44 +0800][295de860-1fda-7791-1d16-bb2250f448f5] - [ip,useid,url,get,post][1][operate/minicard/minicarduser/list],{"_url":"\/api\/lesscode\/index\/list","guid":"minicarduser"},{"guid":"minicarduser","page":"1","limit":"15"}
[WARNING][Fri, 12 Dec 25 14:39:33 +0800][37a7d3af-94f8-4451-7b6f-73fac85ebc87] - [ip,useid,url,get,post][1][auth/menu/index],{"_url":"\/api\/auth\/menu\/index"},[]
[WARNING][Fri, 12 Dec 25 14:39:41 +0800][a4c27e9b-ad5b-afc4-20a0-e7cbc875d38c] - [ip,useid,url,get,post][1][lesscode/index/listConfig],{"_url":"\/api\/lesscode\/index\/listConfig","guid":"minicarduser"},{"guid":"minicarduser"}
[WARNING][Fri, 12 Dec 25 14:39:46 +0800][8a11424e-b37d-6853-baa6-202a27e78a74] - [ip,useid,url,get,post][1][lesscode/index/list],{"_url":"\/api\/lesscode\/index\/list","guid":"minicarduser"},{"guid":"minicarduser","page":"1","limit":"15"}
[WARNING][Fri, 12 Dec 25 14:39:47 +0800][8a11424e-b37d-6853-baa6-202a27e78a74] - [ip,useid,url,get,post][1][operate/minicard/minicarduser/list],{"_url":"\/api\/lesscode\/index\/list","guid":"minicarduser"},{"guid":"minicarduser","page":"1","limit":"15"}
[WARNING][Fri, 12 Dec 25 14:39:46 +0800][be257d80-29d2-7f3b-9870-c89cf622d177] - [ip,useid,url,get,post][1][auth/access/points],{"_url":"\/api\/auth\/access\/points","guid":"minicarduser"},[]
[WARNING][Fri, 12 Dec 25 14:40:06 +0800][17728751-093a-bfab-1bd7-4fe64774789b] - [ip,useid,url,get,post][1][auth/menu/index],{"_url":"\/api\/auth\/menu\/index"},[]
[WARNING][Fri, 12 Dec 25 14:40:12 +0800][16b8c69a-2714-ab13-adf5-bfe62af0ed94] - [ip,useid,url,get,post][1][lesscode/index/listConfig],{"_url":"\/api\/lesscode\/index\/listConfig","guid":"minicarduser"},{"guid":"minicarduser"}
[WARNING][Fri, 12 Dec 25 14:40:17 +0800][1b34565d-5b97-462b-0f6b-44d62f55aeaf] - [ip,useid,url,get,post][1][lesscode/index/list],{"_url":"\/api\/lesscode\/index\/list","guid":"minicarduser"},{"guid":"minicarduser","page":"1","limit":"15"}
[WARNING][Fri, 12 Dec 25 14:40:18 +0800][1b34565d-5b97-462b-0f6b-44d62f55aeaf] - [ip,useid,url,get,post][1][operate/minicard/minicarduser/list],{"_url":"\/api\/lesscode\/index\/list","guid":"minicarduser"},{"guid":"minicarduser","page":"1","limit":"15"}
[WARNING][Fri, 12 Dec 25 14:40:17 +0800][01b631a6-f055-124e-018c-513c412efb6a] - [ip,useid,url,get,post][1][auth/access/points],{"_url":"\/api\/auth\/access\/points","guid":"minicarduser"},[]
[WARNING][Fri, 12 Dec 25 14:40:50 +0800][a021716a-22e0-ef6a-4eb8-9e35815013f1] - [ip,useid,url,get,post][1][auth/menu/index],{"_url":"\/api\/auth\/menu\/index"},[]
[WARNING][Fri, 12 Dec 25 14:40:57 +0800][bef71b9b-1002-6023-0f4b-4bdcca1ded37] - [ip,useid,url,get,post][1][lesscode/index/listConfig],{"_url":"\/api\/lesscode\/index\/listConfig","guid":"minicarduser"},{"guid":"minicarduser"}
[WARNING][Fri, 12 Dec 25 14:41:02 +0800][8ddc833f-2160-2586-0842-a62d3f25e536] - [ip,useid,url,get,post][1][lesscode/index/list],{"_url":"\/api\/lesscode\/index\/list","guid":"minicarduser"},{"guid":"minicarduser","page":"1","limit":"15"}
[WARNING][Fri, 12 Dec 25 14:41:03 +0800][8ddc833f-2160-2586-0842-a62d3f25e536] - [ip,useid,url,get,post][1][operate/minicard/minicarduser/list],{"_url":"\/api\/lesscode\/index\/list","guid":"minicarduser"},{"guid":"minicarduser","page":"1","limit":"15"}
[WARNING][Fri, 12 Dec 25 14:41:02 +0800][4fce7c29-832c-0ee5-8c60-37b258c6f8d4] - [ip,useid,url,get,post][1][auth/access/points],{"_url":"\/api\/auth\/access\/points","guid":"minicarduser"},[]
[WARNING][Fri, 12 Dec 25 14:42:12 +0800][dd69b20c-65fc-a08b-369b-3ec12ec42674] - [ip,useid,url,get,post][1][lesscode/index/listConfig],{"_url":"\/api\/lesscode\/index\/listConfig","guid":"activityluckgameplay"},{"guid":"activityluckgameplay"}
[WARNING][Fri, 12 Dec 25 14:42:19 +0800][4e5b7c48-079b-31b7-8ab3-d86ac6ce384f] - [ip,useid,url,get,post][1][auth/access/points],{"_url":"\/api\/auth\/access\/points","guid":"activityluckgameplay"},[]
[WARNING][Fri, 12 Dec 25 14:42:19 +0800][962cdd44-3692-5ca8-e73c-e33681187f91] - [ip,useid,url,get,post][1][lesscode/index/list],{"_url":"\/api\/lesscode\/index\/list","guid":"activityluckgameplay"},{"guid":"activityluckgameplay","page":"1","limit":"15"}
[WARNING][Fri, 12 Dec 25 14:42:20 +0800][962cdd44-3692-5ca8-e73c-e33681187f91] - [ip,useid,url,get,post][1][operate/activity/activityluckgameplay/list],{"_url":"\/api\/lesscode\/index\/list","guid":"activityluckgameplay"},{"guid":"activityluckgameplay","page":"1","limit":"15"}
[WARNING][Fri, 12 Dec 25 14:42:44 +0800][249bf662-49d3-a21f-a7bf-da7e159e6901] - [ip,useid,url,get,post][1][operate/activity/activityluckgameplay/list],{"_url":"\/api\/operate\/activity\/activityluckgameplay\/list","c":"options"},[]
[WARNING][Fri, 12 Dec 25 14:42:46 +0800][0ecd1b90-14a1-2fde-8d25-32dbf653e32c] - [ip,useid,url,get,post][1][operate/activity/activityluckgameplay/list],{"_url":"\/api\/operate\/activity\/activityluckgameplay\/list","c":"award"},[]
[WARNING][Fri, 12 Dec 25 14:52:23 +0800][d1104a1a-8ef9-46d8-4c64-c8677699c1e7] - [ip,useid,url,get,post][1][operate/activity/activityluckgameplay/copy],{"_url":"\/api\/operate\/activity\/activityluckgameplay\/copy"},{"id":"4706","guid":"activityluckgameplay"}
[WARNING][Fri, 12 Dec 25 14:52:29 +0800][6edac8a1-d760-9a40-8008-a9c82c8ae6d7] - [ip,useid,url,get,post][1][lesscode/index/list],{"_url":"\/api\/lesscode\/index\/list","guid":"activityluckgameplay"},{"guid":"activityluckgameplay","page":"1","limit":"15"}
[WARNING][Fri, 12 Dec 25 14:52:31 +0800][6edac8a1-d760-9a40-8008-a9c82c8ae6d7] - [ip,useid,url,get,post][1][operate/activity/activityluckgameplay/list],{"_url":"\/api\/lesscode\/index\/list","guid":"activityluckgameplay"},{"guid":"activityluckgameplay","page":"1","limit":"15"}
[WARNING][Fri, 12 Dec 25 14:52:45 +0800][31bd4caa-cb8d-32db-b760-6860ca94eeeb] - [ip,useid,url,get,post][1][operate/activity/activityluckgameplay/list],{"_url":"\/api\/operate\/activity\/activityluckgameplay\/list","c":"options"},[]
[WARNING][Fri, 12 Dec 25 14:52:47 +0800][3552647a-ff1d-15d7-dfb5-7d20ef6b53ce] - [ip,useid,url,get,post][1][operate/activity/activityluckgameplay/list],{"_url":"\/api\/operate\/activity\/activityluckgameplay\/list","c":"award"},[]
[WARNING][Fri, 12 Dec 25 14:53:03 +0800][09785514-a9ae-94e5-b256-2d3a2f3800f9] - [ip,useid,url,get,post][1][operate/activity/activityluckgameplay/list],{"_url":"\/api\/operate\/activity\/activityluckgameplay\/list","c":"options"},[]
[WARNING][Fri, 12 Dec 25 14:53:06 +0800][cd723ed4-ceb4-e950-8bf1-ddc49bcf6066] - [ip,useid,url,get,post][1][operate/activity/activityluckgameplay/list],{"_url":"\/api\/operate\/activity\/activityluckgameplay\/list","c":"award"},[]
[WARNING][Fri, 12 Dec 25 14:53:09 +0800][9e694f38-efbd-9fff-8011-8ceb9bf5ee5a] - [ip,useid,url,get,post][1][auth/menu/index],{"_url":"\/api\/auth\/menu\/index"},[]
[WARNING][Fri, 12 Dec 25 14:53:14 +0800][69e5fd92-4acc-a8d1-334d-72fd0416cd55] - [ip,useid,url,get,post][1][lesscode/index/listConfig],{"_url":"\/api\/lesscode\/index\/listConfig","guid":"activityluckgameplay"},{"guid":"activityluckgameplay"}
[WARNING][Fri, 12 Dec 25 14:53:20 +0800][a22c9c03-bdf7-4508-f15b-3b883d836b46] - [ip,useid,url,get,post][1][auth/access/points],{"_url":"\/api\/auth\/access\/points","guid":"activityluckgameplay"},[]
[WARNING][Fri, 12 Dec 25 14:53:20 +0800][6699f681-47a0-2fa4-1471-997265c44e80] - [ip,useid,url,get,post][1][lesscode/index/list],{"_url":"\/api\/lesscode\/index\/list","guid":"activityluckgameplay"},{"guid":"activityluckgameplay","page":"1","limit":"15"}
[WARNING][Fri, 12 Dec 25 14:53:21 +0800][6699f681-47a0-2fa4-1471-997265c44e80] - [ip,useid,url,get,post][1][operate/activity/activityluckgameplay/list],{"_url":"\/api\/lesscode\/index\/list","guid":"activityluckgameplay"},{"guid":"activityluckgameplay","page":"1","limit":"15"}
[WARNING][Fri, 12 Dec 25 14:53:34 +0800][129a8c6a-d1ce-7f40-f251-6482be440ccf] - [ip,useid,url,get,post][1][operate/activity/activityluckgameplay/list],{"_url":"\/api\/operate\/activity\/activityluckgameplay\/list","c":"options"},[]
[WARNING][Fri, 12 Dec 25 14:53:37 +0800][e621142a-4dda-b88c-f31e-b4e1c04979be] - [ip,useid,url,get,post][1][operate/activity/activityluckgameplay/list],{"_url":"\/api\/operate\/activity\/activityluckgameplay\/list","c":"award"},[]
[WARNING][Fri, 12 Dec 25 14:54:23 +0800][ae51c582-c78f-25c5-4734-2363688cd3d9] - [ip,useid,url,get,post][1][auth/menu/index],{"_url":"\/api\/auth\/menu\/index"},[]
[WARNING][Fri, 12 Dec 25 14:54:28 +0800][1d64d967-606f-bd59-ef4f-1caa77752ff3] - [ip,useid,url,get,post][1][lesscode/index/listConfig],{"_url":"\/api\/lesscode\/index\/listConfig","guid":"activityluckgameplay"},{"guid":"activityluckgameplay"}
[WARNING][Fri, 12 Dec 25 14:54:35 +0800][2e1c0a90-c6f6-74fa-416f-fd75070d9afe] - [ip,useid,url,get,post][1][auth/access/points],{"_url":"\/api\/auth\/access\/points","guid":"activityluckgameplay"},[]
[WARNING][Fri, 12 Dec 25 14:54:35 +0800][ae9288c6-92a5-be86-f2b6-7ad839a8104a] - [ip,useid,url,get,post][1][lesscode/index/list],{"_url":"\/api\/lesscode\/index\/list","guid":"activityluckgameplay"},{"guid":"activityluckgameplay","page":"1","limit":"15"}
[WARNING][Fri, 12 Dec 25 14:54:36 +0800][ae9288c6-92a5-be86-f2b6-7ad839a8104a] - [ip,useid,url,get,post][1][operate/activity/activityluckgameplay/list],{"_url":"\/api\/lesscode\/index\/list","guid":"activityluckgameplay"},{"guid":"activityluckgameplay","page":"1","limit":"15"}
[WARNING][Fri, 12 Dec 25 14:54:48 +0800][27be2f87-c0a1-087d-77de-f76d8465b013] - [ip,useid,url,get,post][1][operate/activity/activityluckgameplay/list],{"_url":"\/api\/operate\/activity\/activityluckgameplay\/list","c":"options"},[]
[WARNING][Fri, 12 Dec 25 14:54:51 +0800][cc34144e-0469-1407-4bd0-e28ec4ca82ae] - [ip,useid,url,get,post][1][operate/activity/activityluckgameplay/list],{"_url":"\/api\/operate\/activity\/activityluckgameplay\/list","c":"award"},[]
[WARNING][Fri, 12 Dec 25 14:56:50 +0800][282739eb-4edc-15fe-a575-17b5726ad7de] - [ip,useid,url,get,post][1][auth/menu/index],{"_url":"\/api\/auth\/menu\/index"},[]
[WARNING][Fri, 12 Dec 25 14:56:56 +0800][b963f605-d1de-91d9-51b9-71a2f11d0131] - [ip,useid,url,get,post][1][lesscode/index/listConfig],{"_url":"\/api\/lesscode\/index\/listConfig","guid":"activityluckgameplay"},{"guid":"activityluckgameplay"}
[WARNING][Fri, 12 Dec 25 14:57:03 +0800][78da6343-fd90-1243-029e-38badb78926d] - [ip,useid,url,get,post][1][auth/access/points],{"_url":"\/api\/auth\/access\/points","guid":"activityluckgameplay"},[]
[WARNING][Fri, 12 Dec 25 14:57:03 +0800][6dfeb8a6-5134-7cd0-064e-9c9918662036] - [ip,useid,url,get,post][1][lesscode/index/list],{"_url":"\/api\/lesscode\/index\/list","guid":"activityluckgameplay"},{"guid":"activityluckgameplay","page":"1","limit":"15"}
[WARNING][Fri, 12 Dec 25 14:57:04 +0800][6dfeb8a6-5134-7cd0-064e-9c9918662036] - [ip,useid,url,get,post][1][operate/activity/activityluckgameplay/list],{"_url":"\/api\/lesscode\/index\/list","guid":"activityluckgameplay"},{"guid":"activityluckgameplay","page":"1","limit":"15"}
[WARNING][Fri, 12 Dec 25 14:57:18 +0800][0feb3ef4-19aa-6614-8f63-bdccc349bb5b] - [ip,useid,url,get,post][1][operate/activity/activityluckgameplay/list],{"_url":"\/api\/operate\/activity\/activityluckgameplay\/list","c":"options"},[]
[WARNING][Fri, 12 Dec 25 14:57:21 +0800][8bec36c7-c4d1-9327-86fd-7b002bf828ed] - [ip,useid,url,get,post][1][operate/activity/activityluckgameplay/list],{"_url":"\/api\/operate\/activity\/activityluckgameplay\/list","c":"award"},[]
[WARNING][Fri, 12 Dec 25 15:10:02 +0800][d787234a-7483-425b-4c05-02818658eaed] - [ip,useid,url,get,post][1][auth/menu/index],{"_url":"\/api\/auth\/menu\/index"},[]
[WARNING][Fri, 12 Dec 25 15:10:07 +0800][b4b19b33-3400-5be7-7470-bdb1774daac8] - [ip,useid,url,get,post][1][lesscode/index/listConfig],{"_url":"\/api\/lesscode\/index\/listConfig","guid":"activityluckgameplay"},{"guid":"activityluckgameplay"}
[WARNING][Fri, 12 Dec 25 15:10:14 +0800][fe86f558-07d4-71d7-5407-4690820fe8b1] - [ip,useid,url,get,post][1][auth/access/points],{"_url":"\/api\/auth\/access\/points","guid":"activityluckgameplay"},[]
[WARNING][Fri, 12 Dec 25 15:10:14 +0800][2e770049-ecc5-1adf-c415-a2bdc25d5942] - [ip,useid,url,get,post][1][lesscode/index/list],{"_url":"\/api\/lesscode\/index\/list","guid":"activityluckgameplay"},{"guid":"activityluckgameplay","page":"1","limit":"15"}
[WARNING][Fri, 12 Dec 25 15:10:15 +0800][2e770049-ecc5-1adf-c415-a2bdc25d5942] - [ip,useid,url,get,post][1][operate/activity/activityluckgameplay/list],{"_url":"\/api\/lesscode\/index\/list","guid":"activityluckgameplay"},{"guid":"activityluckgameplay","page":"1","limit":"15"}
[WARNING][Fri, 12 Dec 25 15:10:41 +0800][9b8482c0-9382-753b-d7d3-d0fa2f933e55] - [ip,useid,url,get,post][1][auth/menu/index],{"_url":"\/api\/auth\/menu\/index"},[]
[WARNING][Fri, 12 Dec 25 15:10:49 +0800][8e395bef-d281-38b9-8572-175972208c97] - [ip,useid,url,get,post][1][lesscode/index/listConfig],{"_url":"\/api\/lesscode\/index\/listConfig","guid":"activityluckgameplay"},{"guid":"activityluckgameplay"}
[WARNING][Fri, 12 Dec 25 15:10:55 +0800][6ab324bf-4da3-cc30-352e-4457da84ca8f] - [ip,useid,url,get,post][1][auth/access/points],{"_url":"\/api\/auth\/access\/points","guid":"activityluckgameplay"},[]
[WARNING][Fri, 12 Dec 25 15:10:55 +0800][40973ef9-5f3d-172f-6c30-413e10447a05] - [ip,useid,url,get,post][1][lesscode/index/list],{"_url":"\/api\/lesscode\/index\/list","guid":"activityluckgameplay"},{"guid":"activityluckgameplay","page":"1","limit":"15"}
[WARNING][Fri, 12 Dec 25 15:10:56 +0800][40973ef9-5f3d-172f-6c30-413e10447a05] - [ip,useid,url,get,post][1][operate/activity/activityluckgameplay/list],{"_url":"\/api\/lesscode\/index\/list","guid":"activityluckgameplay"},{"guid":"activityluckgameplay","page":"1","limit":"15"}
[WARNING][Fri, 12 Dec 25 15:11:10 +0800][d2d8b1bc-dbc6-59a5-50fc-2a978dc39315] - [ip,useid,url,get,post][1][operate/activity/activityluckgameplay/list],{"_url":"\/api\/operate\/activity\/activityluckgameplay\/list","c":"options"},[]
[WARNING][Fri, 12 Dec 25 15:11:12 +0800][10dd1bcc-6ae2-30d4-adf7-f123c2d5f688] - [ip,useid,url,get,post][1][operate/activity/activityluckgameplay/list],{"_url":"\/api\/operate\/activity\/activityluckgameplay\/list","c":"award"},[]
[WARNING][Fri, 12 Dec 25 15:13:49 +0800][5bc37df0-d85a-26ed-0601-4580d00e4fb1] - [ip,useid,url,get,post][1][operate/activity/activityluckgameplay/list],{"_url":"\/api\/operate\/activity\/activityluckgameplay\/list","c":"options"},[]
[WARNING][Fri, 12 Dec 25 15:13:52 +0800][8c77f9ef-b206-caa8-98a0-185b334e8625] - [ip,useid,url,get,post][1][operate/activity/activityluckgameplay/list],{"_url":"\/api\/operate\/activity\/activityluckgameplay\/list","c":"award"},[]
[WARNING][Fri, 12 Dec 25 15:13:57 +0800][3efcf9a8-c120-cbd1-6174-486db0b0a2a8] - [ip,useid,url,get,post][1][operate/activity/activityluckgameplay/info],{"_url":"\/api\/operate\/activity\/activityluckgameplay\/info","id":"4712"},[]
[WARNING][Fri, 12 Dec 25 15:14:26 +0800][aad61519-c9e6-9393-3bf9-3ef8fed53a42] - [ip,useid,url,get,post][1][common/upload/image],{"_url":"\/api\/common\/upload\/image","width":"720","height":"180"},[]
[WARNING][Fri, 12 Dec 25 15:16:36 +0800][8dc9ff45-3ebd-9f53-20b5-31800659998e] - [ip,useid,url,get,post][1][common/upload/image],{"_url":"\/api\/common\/upload\/image","width":"720","height":"180"},[]
[WARNING][Fri, 12 Dec 25 15:16:39 +0800][00ec33ef-1784-0ded-60fc-7387eb168da2] - [ip,useid,url,get,post][1][common/upload/image],{"_url":"\/api\/common\/upload\/image","width":"750","height":"1024"},[]
[WARNING][Fri, 12 Dec 25 15:16:51 +0800][feac55d1-a359-c6ee-2b9b-5c7eac71f69c] - [ip,useid,url,get,post][1][common/upload/image],{"_url":"\/api\/common\/upload\/image","width":"720","height":"180"},[]
[WARNING][Fri, 12 Dec 25 15:16:58 +0800][0922cc2c-5b01-9339-cf89-977627e4ae04] - [ip,useid,url,get,post][1][common/upload/image],{"_url":"\/api\/common\/upload\/image","width":"200","height":"430"},[]
[WARNING][Fri, 12 Dec 25 15:17:04 +0800][ae110892-add9-f12b-f13a-8577fae7d678] - [ip,useid,url,get,post][1][common/upload/image],{"_url":"\/api\/common\/upload\/image","width":"140","height":"140"},[]
[WARNING][Fri, 12 Dec 25 15:17:12 +0800][255d6cbd-f338-e1e8-8269-6f4198cf1ca6] - [ip,useid,url,get,post][1][common/upload/image],{"_url":"\/api\/common\/upload\/image","width":"140","height":"140"},[]
[WARNING][Fri, 12 Dec 25 15:17:19 +0800][557437ec-93b4-96b5-24d8-068ec4db77bd] - [ip,useid,url,get,post][1][common/upload/image],{"_url":"\/api\/common\/upload\/image","width":"200","height":"200"},[]
[WARNING][Fri, 12 Dec 25 15:17:29 +0800][f735451f-8732-9660-6e22-7cf2729a3d15] - [ip,useid,url,get,post][1][common/upload/image],{"_url":"\/api\/common\/upload\/image","width":"600","height":"600"},[]
[WARNING][Fri, 12 Dec 25 15:17:38 +0800][14fcc8ad-7de0-336b-6337-6212cdc1892e] - [ip,useid,url,get,post][1][common/upload/image],{"_url":"\/api\/common\/upload\/image","width":"750","height":"1050"},[]
[WARNING][Fri, 12 Dec 25 15:17:44 +0800][afa42b5a-87f9-7240-65de-a34913724863] - [ip,useid,url,get,post][1][common/upload/image],{"_url":"\/api\/common\/upload\/image","width":"240","height":"100"},[]
[WARNING][Fri, 12 Dec 25 15:17:50 +0800][5b89da80-97d8-57c5-c6f8-fac34c550f8d] - [ip,useid,url,get,post][1][common/upload/image],{"_url":"\/api\/common\/upload\/image","width":"180","height":"144"},[]
[WARNING][Fri, 12 Dec 25 15:17:57 +0800][634a4780-8d06-9f5b-5321-b2b898220330] - [ip,useid,url,get,post][1][common/upload/image],{"_url":"\/api\/common\/upload\/image","width":"400","height":"50"},[]
[WARNING][Fri, 12 Dec 25 15:18:27 +0800][d960ee90-3f73-69f5-7a33-80a0be80105d] - [ip,useid,url,get,post][1][operate/activity/activityluckgameplay/modify],{"_url":"\/api\/operate\/activity\/activityluckgameplay\/modify"},{"id":"4712","button_tag_id":"9330","title":"22","bigarea_id":["1","2"],"language":"zh_tw","time_offset":"8","start_time":"2025-10-21 17:54:18","end_time":"2025-10-29 07:10:31","score_source":[{"source_type":"1","scope":["1"],"is_only_cross_room_pk":"0","source_config":[{"type":"1","score":"1","gift_id":"","is_only_cross_room_pk":"0","pk_valid_type":"","pk_time":"","pk_gift":""}]}],"vision_type":"11","components_number":"1","rule_content_json":"<p>11<\/p>","button_list_id_low":"15396","award_id_low":"37","button_content_low":"\u4f4e\u7ea7\u8f6c\u76d8","lottery_consume_low":"100","is_score_low":"1","has_relate":"0","has_be_related":"0","data_period":"8","task_button_img_vc":"202512\/12\/2886926345693bc163d25fb7.18205526.png","pop_bottom2_color_vc":"#ff0000","main_text2_color_vc":"#ff0000","corner_marker_bottom2_color_vc":"#ff0000","module_bgc2_color_vc":"#ff0000","title_bgc2_color_vc":"#ff0000","pop_bgc_color2_vc":"#ff0000","score_color2_vc":"#ff0000","progress_bar_color2_vc":"#ff0000","bgc3_img_vc":"202512\/12\/2886926345693bc15789a137.05214330.png","claw_img_vc":"202512\/12\/2886926345693bc16a2e4518.68780503.png","doll_one_img_vc":"202512\/12\/2886926345693bc170ba54d2.47592220.png","doll_two_img_vc":"202512\/12\/2886926345693bc17873a0d8.51557531.png","multi_doll_img_vc":"202512\/12\/2886926345693bc17f5e3cc3.90994871.png","backplate_img_vc":"202512\/12\/2886926345693bc189d22153.57306368.png","claw_machine_img_vc":"202512\/12\/2886926345693bc1924a2503.48534183.png","start_button_img_vc":"202512\/12\/2886926345693bc198760871.52787424.png","arrow_img_vc":"202512\/12\/2886926345693bc19e7aeda2.73523283.png","barrage3_img_vc":"202512\/12\/2886926345693bc1a5c92e98.90687143.png","vision_content_json":{"task_button_img_vc":"202512\/12\/2886926345693bc163d25fb7.18205526.png","pop_bottom2_color_vc":"#ff0000","main_text2_color_vc":"#ff0000","corner_marker_bottom2_color_vc":"#ff0000","module_bgc2_color_vc":"#ff0000","title_bgc2_color_vc":"#ff0000","pop_bgc_color2_vc":"#ff0000","score_color2_vc":"#ff0000","progress_bar_color2_vc":"#ff0000","bgc3_img_vc":"202512\/12\/2886926345693bc15789a137.05214330.png","claw_img_vc":"202512\/12\/2886926345693bc16a2e4518.68780503.png","doll_one_img_vc":"202512\/12\/2886926345693bc170ba54d2.47592220.png","doll_two_img_vc":"202512\/12\/2886926345693bc17873a0d8.51557531.png","multi_doll_img_vc":"202512\/12\/2886926345693bc17f5e3cc3.90994871.png","backplate_img_vc":"202512\/12\/2886926345693bc189d22153.57306368.png","claw_machine_img_vc":"202512\/12\/2886926345693bc1924a2503.48534183.png","start_button_img_vc":"202512\/12\/2886926345693bc198760871.52787424.png","arrow_img_vc":"202512\/12\/2886926345693bc19e7aeda2.73523283.png","barrage3_img_vc":"202512\/12\/2886926345693bc1a5c92e98.90687143.png"},"award_config":[{"button_content":"\u4f4e\u7ea7\u8f6c\u76d8","award_list":[{"num":"1","type":"17","weight":"1","stock":"1","number":"1","id":"0","stock_type":"2","effective_hours":""},{"id":"4380","num":"2","exp_days":"10","type":"1","weight":"2","stock":"0","number":"2","stock_type":"1","effective_hours":""},{"id":"3","days":"30","num":"1","extend_info":{"extend_type":"2"},"type":"8","weight":"3","stock":"0","number":"3","stock_type":"1","give_type":"2","content":"","effective_hours":"30"},{"id":"45","days":"4","num":"1","type":"5","weight":"4","stock":"0","number":"4","stock_type":"1","effective_hours":"4"},{"id":"11","days":"5","extend_info":{"content":"u0e42u0e2eu0e2au0e15u0e4cu0e17u0e35u0e48u0e44u0e14u0e49u0e23u0e31u0e1au0e01u0e32u0e23u0e22u0e37u0e19u0e22u0e31u0e19"},"num":"1","type":"22","weight":"5","stock":"0","number":"5","stock_type":"1","give_type":"0","content":"u0e42u0e2eu0e2au0e15u0e4cu0e17u0e35u0e48u0e44u0e14u0e49u0e23u0e31u0e1au0e01u0e32u0e23u0e22u0e37u0e19u0e22u0e31u0e19","effective_hours":"5"},{"days":"2","extend_info":{"extend_type":"4","room_bg_card_extend":{"card_type":"0"}},"num":"1","type":"4","weight":"1","stock":"0","number":"6","id":"0","stock_type":"1","give_type":"4","content":"","card_type":"0","effective_hours":"2"},{"id":"0","num":"200","days":"6","exp_days":"1759114703","extend_info":{"extend_type":"4","open_screen_card_extend":{"card_type":"1"}},"type":"28","weight":"1","stock":"0","number":"7","stock_type":"1","give_type":"4","content":"","expire_time":"2025-09-29 10:58:23","card_type":"1","effective_hours":"6"},{"id":"0","num":"100","days":"7","exp_days":"1764663695","extend_info":{"extend_type":"4"},"type":"30","weight":"1","stock":"0","number":"8","stock_type":"1","give_type":"4","content":"","expire_time":"2025-12-02 16:21:35","card_type":"1","effective_days":"7","effective_hours":"7"}],"lottery_consume":"100","is_score":"1","button_list_id":"15396","award_id":"37"}]}
[INFO][Fri, 12 Dec 25 15:18:33 +0800][d960ee90-3f73-69f5-7a33-80a0be80105d] - scoreData:[{"type":"1","score":"1","gift_id":0,"scope":"1","is_only_cross_room_pk":0,"extend_id":0,"extend_sub_id":0,"pk_valid_extend":"","dateline":1765523910,"admin_id":1,"act_id":"4712","list_id":15396,"id":1340}]
[WARNING][Fri, 12 Dec 25 15:18:34 +0800][7a718abb-cd90-e120-8cb9-fde2ce198a74] - [ip,useid,url,get,post][1][lesscode/index/list],{"_url":"\/api\/lesscode\/index\/list","guid":"activityluckgameplay"},{"guid":"activityluckgameplay","page":"1","limit":"15"}
[WARNING][Fri, 12 Dec 25 15:18:35 +0800][7a718abb-cd90-e120-8cb9-fde2ce198a74] - [ip,useid,url,get,post][1][operate/activity/activityluckgameplay/list],{"_url":"\/api\/lesscode\/index\/list","guid":"activityluckgameplay"},{"guid":"activityluckgameplay","page":"1","limit":"15"}
[WARNING][Fri, 12 Dec 25 15:18:52 +0800][db6f0065-24c0-358f-9de7-202b0ef3ee7e] - [ip,useid,url,get,post][1][operate/activity/activityluckgameplay/list],{"_url":"\/api\/operate\/activity\/activityluckgameplay\/list","c":"options"},[]
[WARNING][Fri, 12 Dec 25 15:18:55 +0800][b4d5a12c-f25e-94c5-97d3-b91e67d2a4d6] - [ip,useid,url,get,post][1][operate/activity/activityluckgameplay/list],{"_url":"\/api\/operate\/activity\/activityluckgameplay\/list","c":"award"},[]
[WARNING][Fri, 12 Dec 25 15:19:02 +0800][d15d1214-0a4a-ee16-f50c-d3b3e46ed89d] - [ip,useid,url,get,post][1][operate/activity/activityluckgameplay/info],{"_url":"\/api\/operate\/activity\/activityluckgameplay\/info","id":"4712"},[]
[WARNING][Fri, 12 Dec 25 16:02:56 +0800][d3dfb01a-f2f5-93c8-f579-8b78b421da99] - [ip,useid,url,get,post][1][auth/menu/index],{"_url":"\/api\/auth\/menu\/index"},[]
[WARNING][Fri, 12 Dec 25 16:03:01 +0800][9ceb2a28-b538-5274-01af-f064fb6d7065] - [ip,useid,url,get,post][1][lesscode/index/listConfig],{"_url":"\/api\/lesscode\/index\/listConfig","guid":"activityluckgameplay"},{"guid":"activityluckgameplay"}
[WARNING][Fri, 12 Dec 25 16:03:09 +0800][79ce23e9-bd6b-a66d-ae7d-6d6e89367c06] - [ip,useid,url,get,post][1][auth/access/points],{"_url":"\/api\/auth\/access\/points","guid":"activityluckgameplay"},[]
[WARNING][Fri, 12 Dec 25 16:03:09 +0800][155e1ea5-1a94-3282-afba-52e3c1058005] - [ip,useid,url,get,post][1][lesscode/index/list],{"_url":"\/api\/lesscode\/index\/list","guid":"activityluckgameplay"},{"guid":"activityluckgameplay","page":"1","limit":"15"}
[WARNING][Fri, 12 Dec 25 16:03:10 +0800][155e1ea5-1a94-3282-afba-52e3c1058005] - [ip,useid,url,get,post][1][operate/activity/activityluckgameplay/list],{"_url":"\/api\/lesscode\/index\/list","guid":"activityluckgameplay"},{"guid":"activityluckgameplay","page":"1","limit":"15"}
[WARNING][Fri, 12 Dec 25 16:03:33 +0800][873727d1-3620-665a-6221-5653bd6b6dce] - [ip,useid,url,get,post][1][auth/menu/index],{"_url":"\/api\/auth\/menu\/index"},[]
[WARNING][Fri, 12 Dec 25 16:03:37 +0800][ed7beecb-b017-b465-d4a9-eeffec9b4c9a] - [ip,useid,url,get,post][1][auth/menu/index],{"_url":"\/api\/auth\/menu\/index"},[]
[WARNING][Fri, 12 Dec 25 16:03:46 +0800][176fee0d-0c23-eef9-237a-3574204c4759] - [ip,useid,url,get,post][1][lesscode/index/listConfig],{"_url":"\/api\/lesscode\/index\/listConfig","guid":"activityluckgameplay"},{"guid":"activityluckgameplay"}
[WARNING][Fri, 12 Dec 25 16:03:53 +0800][dc2267a7-1829-478d-9405-d50dc78ba6a3] - [ip,useid,url,get,post][1][auth/access/points],{"_url":"\/api\/auth\/access\/points","guid":"activityluckgameplay"},[]
[WARNING][Fri, 12 Dec 25 16:03:53 +0800][c555e920-12f6-1d64-2f74-e17310bfa49c] - [ip,useid,url,get,post][1][lesscode/index/list],{"_url":"\/api\/lesscode\/index\/list","guid":"activityluckgameplay"},{"guid":"activityluckgameplay","page":"1","limit":"15"}
[WARNING][Fri, 12 Dec 25 16:03:54 +0800][c555e920-12f6-1d64-2f74-e17310bfa49c] - [ip,useid,url,get,post][1][operate/activity/activityluckgameplay/list],{"_url":"\/api\/lesscode\/index\/list","guid":"activityluckgameplay"},{"guid":"activityluckgameplay","page":"1","limit":"15"}
