[WARNING][Tue, 16 Dec 25 10:08:34 +0800][dae36fb3-c9ab-425b-c35d-ec363abf5773] - [ip,useid,url,get,post][1][auth/menu/index],{"_url":"\/api\/auth\/menu\/index"},[]
[WARNING][Tue, 16 Dec 25 10:08:46 +0800][3418a6b5-6926-9cf8-8a91-b28161533783] - [ip,useid,url,get,post][1][auth/login/index],{"_url":"\/api\/auth\/login\/index"},{"username":"admin@ee.com"}
[WARNING][Tue, 16 Dec 25 10:08:47 +0800][6c791def-0c0a-80b8-497d-3355082eed74] - [ip,useid,url,get,post][1][auth/menu/index],{"_url":"\/api\/auth\/menu\/index"},[]
[WARNING][Tue, 16 Dec 25 10:09:14 +0800][b30b0507-6b9e-a267-66d3-61a24c8d65cc] - [ip,useid,url,get,post][1][lesscode/index/listConfig],{"_url":"\/api\/lesscode\/index\/listConfig","guid":"greedyboxregionswitch"},{"guid":"greedyboxregionswitch"}
[WARNING][Tue, 16 Dec 25 10:09:21 +0800][86ca31b3-6215-93e9-0171-0d7afd94a1dc] - [ip,useid,url,get,post][1][lesscode/index/list],{"_url":"\/api\/lesscode\/index\/list","guid":"greedyboxregionswitch"},{"guid":"greedyboxregionswitch","page":"1","limit":"15"}
[WARNING][Tue, 16 Dec 25 10:09:22 +0800][86ca31b3-6215-93e9-0171-0d7afd94a1dc] - [ip,useid,url,get,post][1][operate/greedyboxregionswitch/list],{"_url":"\/api\/lesscode\/index\/list","guid":"greedyboxregionswitch"},{"guid":"greedyboxregionswitch","page":"1","limit":"15"}
[WARNING][Tue, 16 Dec 25 10:09:21 +0800][6b73abc4-457c-6be7-ce84-577a50930c76] - [ip,useid,url,get,post][1][auth/access/points],{"_url":"\/api\/auth\/access\/points","guid":"greedyboxregionswitch"},[]
[WARNING][Tue, 16 Dec 25 10:19:16 +0800][85ca48ab-ae8d-6d60-a434-17fcc761496d] - [ip,useid,url,get,post][1][lesscode/index/listConfig],{"_url":"\/api\/lesscode\/index\/listConfig","guid":"greedyboxparams"},{"guid":"greedyboxparams"}
[WARNING][Tue, 16 Dec 25 10:19:21 +0800][ac51f2f3-c322-e4e3-f742-912dfe93eb9a] - [ip,useid,url,get,post][1][lesscode/index/list],{"_url":"\/api\/lesscode\/index\/list","guid":"greedyboxparams"},{"guid":"greedyboxparams","page":"1","limit":"15","greedy_engine_id":"0"}
[WARNING][Tue, 16 Dec 25 10:19:21 +0800][0a0ee326-160b-69bf-aa5f-191fb3debd06] - [ip,useid,url,get,post][1][auth/access/points],{"_url":"\/api\/auth\/access\/points","guid":"greedyboxparams"},[]
[WARNING][Tue, 16 Dec 25 10:21:29 +0800][458673c8-e9e9-8f5c-2418-1ce7daea5f22] - [ip,useid,url,get,post][1][lesscode/index/listConfig],{"_url":"\/api\/lesscode\/index\/listConfig","guid":"greedyboxregionswitch"},{"guid":"greedyboxregionswitch"}
[WARNING][Tue, 16 Dec 25 10:21:36 +0800][aedc2d4a-6ec5-394d-44d0-924f54408231] - [ip,useid,url,get,post][1][lesscode/index/list],{"_url":"\/api\/lesscode\/index\/list","guid":"greedyboxregionswitch"},{"guid":"greedyboxregionswitch","page":"1","limit":"15"}
[WARNING][Tue, 16 Dec 25 10:21:38 +0800][aedc2d4a-6ec5-394d-44d0-924f54408231] - [ip,useid,url,get,post][1][operate/greedyboxregionswitch/list],{"_url":"\/api\/lesscode\/index\/list","guid":"greedyboxregionswitch"},{"guid":"greedyboxregionswitch","page":"1","limit":"15"}
[WARNING][Tue, 16 Dec 25 10:21:36 +0800][441832d2-1b3b-c853-c520-c617565c03a9] - [ip,useid,url,get,post][1][auth/access/points],{"_url":"\/api\/auth\/access\/points","guid":"greedyboxregionswitch"},[]
[WARNING][Tue, 16 Dec 25 10:23:12 +0800][cf42bd90-8dfd-da25-3bad-ebe836e308c5] - [ip,useid,url,get,post][1][lesscode/index/listConfig],{"_url":"\/api\/lesscode\/index\/listConfig","guid":"guidList"},{"guid":"guidList"}
[WARNING][Tue, 16 Dec 25 10:23:22 +0800][ee861464-f31f-f2f6-cab6-b0af0021065a] - [ip,useid,url,get,post][1][lesscode/index/list],{"_url":"\/api\/lesscode\/index\/list","guid":"guidList"},{"guid":"guidList","page":"1","limit":"15"}
[WARNING][Tue, 16 Dec 25 10:23:22 +0800][65879e15-8194-e1b6-e2ac-354703636d35] - [ip,useid,url,get,post][1][auth/access/points],{"_url":"\/api\/auth\/access\/points","guid":"guidList"},[]
[WARNING][Tue, 16 Dec 25 10:23:34 +0800][c521acfa-aadc-721b-9c0b-13f609e85d44] - [ip,useid,url,get,post][1][lesscode/index/list],{"_url":"\/api\/lesscode\/index\/list","guid":"guidList"},{"guid":"guidList","page":"1","limit":"15","guid_name":"greedyboxregionswitch"}
[WARNING][Tue, 16 Dec 25 10:23:59 +0800][ce9f474b-8989-063c-8019-4bbee08283cc] - [ip,useid,url,get,post][1][lesscode/index/delete],{"_url":"\/api\/lesscode\/index\/delete","guid":"guidList","id":"56"},{"id":"56","guid":"guidList"}
[WARNING][Tue, 16 Dec 25 10:24:04 +0800][29eb431f-69f1-173b-0b79-75a251cc5efc] - [ip,useid,url,get,post][1][lesscode/index/list],{"_url":"\/api\/lesscode\/index\/list","guid":"guidList"},{"guid":"guidList","page":"1","limit":"15","guid_name":"greedyboxregionswitch"}
[WARNING][Tue, 16 Dec 25 10:24:11 +0800][1970a20b-0bf6-b3e2-3ced-57dcd11783f5] - [ip,useid,url,get,post][1][auth/menu/modifyPoint],{"_url":"\/api\/auth\/menu\/modifyPoint","c":"config"},[]
[WARNING][Tue, 16 Dec 25 10:24:20 +0800][bb070536-a185-a14b-50a3-fa45115cb474] - [ip,useid,url,get,post][1][auth/modules/point],{"_url":"\/api\/auth\/modules\/point","parent_module_id":"2651"},[]
[WARNING][Tue, 16 Dec 25 10:24:23 +0800][ed6476a6-43be-bf31-4f63-6ccf8a32383e] - [ip,useid,url,get,post][1][auth/menu/bigAreaSetting],{"_url":"\/api\/auth\/menu\/bigAreaSetting","c":"get","module_id":"2651"},[]
[WARNING][Tue, 16 Dec 25 10:24:26 +0800][49c5988e-84aa-2cca-9ec3-5da56c9fa728] - [ip,useid,url,get,post][1][auth/modules/point],{"_url":"\/api\/auth\/modules\/point","parent_module_id":"2651"},[]
[WARNING][Tue, 16 Dec 25 10:24:29 +0800][accd6110-1ae2-841a-df20-c71a0f777992] - [ip,useid,url,get,post][1][auth/modules/point],{"_url":"\/api\/auth\/modules\/point","parent_module_id":"2651"},[]
[WARNING][Tue, 16 Dec 25 10:24:29 +0800][fa6d4993-7221-5550-1330-c2665904a274] - [ip,useid,url,get,post][1][auth/menu/bigAreaSetting],{"_url":"\/api\/auth\/menu\/bigAreaSetting","c":"get","module_id":"2651"},[]
[WARNING][Tue, 16 Dec 25 10:24:32 +0800][2418a1f8-f426-4282-5a66-00a3197973ea] - [ip,useid,url,get,post][1][auth/modules/point],{"_url":"\/api\/auth\/modules\/point","parent_module_id":"2651"},[]
[WARNING][Tue, 16 Dec 25 10:24:32 +0800][fc924d8e-0082-f211-8933-c9cca35e1926] - [ip,useid,url,get,post][1][auth/menu/bigAreaSetting],{"_url":"\/api\/auth\/menu\/bigAreaSetting","c":"get","module_id":"2651"},[]
[WARNING][Tue, 16 Dec 25 10:24:32 +0800][23970215-4be1-0e3b-43ea-87e72073371d] - [ip,useid,url,get,post][1][auth/modules/remove],{"_url":"\/api\/auth\/modules\/remove"},{"module_id":"2651"}
[WARNING][Tue, 16 Dec 25 10:24:35 +0800][1079c6e8-7cf9-2928-0147-07f41269fa5c] - [ip,useid,url,get,post][1][auth/menu/bigAreaSetting],{"_url":"\/api\/auth\/menu\/bigAreaSetting","c":"get","module_id":"2651"},[]
[WARNING][Tue, 16 Dec 25 10:24:35 +0800][cb4528dc-766d-f182-97e6-9de3707d7938] - [ip,useid,url,get,post][1][auth/menu/index],{"_url":"\/api\/auth\/menu\/index"},[]
[WARNING][Tue, 16 Dec 25 10:27:01 +0800][16d0bd43-9f4c-2738-e50c-a63a28f2363c] - [ip,useid,url,get,post][1][lesscode/index/listConfig],{"_url":"\/api\/lesscode\/index\/listConfig","guid":"greedyboxparams"},{"guid":"greedyboxparams"}
[WARNING][Tue, 16 Dec 25 10:27:07 +0800][7b503311-bde4-e12f-38c4-1620cb674656] - [ip,useid,url,get,post][1][lesscode/index/list],{"_url":"\/api\/lesscode\/index\/list","guid":"greedyboxparams"},{"guid":"greedyboxparams","page":"1","limit":"15","greedy_engine_id":"0"}
[WARNING][Tue, 16 Dec 25 10:27:07 +0800][35ea841e-32ed-a45c-b8da-23395f7667c0] - [ip,useid,url,get,post][1][auth/access/points],{"_url":"\/api\/auth\/access\/points","guid":"greedyboxparams"},[]
[WARNING][Tue, 16 Dec 25 10:48:06 +0800][74ec2fe4-7d68-5020-94f7-b1af8aa1877f] - [ip,useid,url,get,post][1][auth/menu/index],{"_url":"\/api\/auth\/menu\/index"},[]
