[WARNING][Thu, 11 Dec 25 09:59:17 +0800][e72dce2e-168a-4f6f-ebcd-0c202325a51e] - [ip,useid,url,get,post][1][auth/login/index],{"_url":"\/api\/auth\/login\/index"},{"username":"admin@ee.com"}
[WARNING][Thu, 11 Dec 25 09:59:20 +0800][18cfee7f-21da-446f-3894-643622980368] - [ip,useid,url,get,post][1][auth/menu/index],{"_url":"\/api\/auth\/menu\/index"},[]
[WARNING][Thu, 11 Dec 25 09:59:37 +0800][397c83c7-cb45-3f48-863d-ea2714bed808] - [ip,useid,url,get,post][1][lesscode/index/listConfig],{"_url":"\/api\/lesscode\/index\/listConfig","guid":"minicardsend"},{"guid":"minicardsend"}
[WARNING][Thu, 11 Dec 25 09:59:42 +0800][71d97b57-1191-2732-cfdf-76d7694f7e76] - [ip,useid,url,get,post][1][lesscode/index/listConfig],{"_url":"\/api\/lesscode\/index\/listConfig","guid":"minicarduser"},{"guid":"minicarduser"}
[WARNING][Thu, 11 Dec 25 09:59:46 +0800][3f6b5c98-413c-cdc0-79d1-050e61e645ed] - [ip,useid,url,get,post][1][lesscode/index/list],{"_url":"\/api\/lesscode\/index\/list","guid":"minicardsend"},{"guid":"minicardsend","page":"1","limit":"15"}
[WARNING][Thu, 11 Dec 25 09:59:47 +0800][3f6b5c98-413c-cdc0-79d1-050e61e645ed] - [ip,useid,url,get,post][1][operate/minicard/minicardsend/list],{"_url":"\/api\/lesscode\/index\/list","guid":"minicardsend"},{"guid":"minicardsend","page":"1","limit":"15"}
[WARNING][Thu, 11 Dec 25 09:59:46 +0800][50a2b5aa-a5a6-4525-d9d8-6570cefcd7da] - [ip,useid,url,get,post][1][auth/access/points],{"_url":"\/api\/auth\/access\/points","guid":"minicarduser"},[]
[WARNING][Thu, 11 Dec 25 09:59:48 +0800][4489d76a-b427-5f38-0abd-ae42a83668fa] - [ip,useid,url,get,post][1][lesscode/index/list],{"_url":"\/api\/lesscode\/index\/list","guid":"minicarduser"},{"guid":"minicarduser","page":"1","limit":"15"}
[WARNING][Thu, 11 Dec 25 09:59:49 +0800][4489d76a-b427-5f38-0abd-ae42a83668fa] - [ip,useid,url,get,post][1][operate/minicard/minicarduser/list],{"_url":"\/api\/lesscode\/index\/list","guid":"minicarduser"},{"guid":"minicarduser","page":"1","limit":"15"}
[WARNING][Thu, 11 Dec 25 09:59:51 +0800][d44896b6-1008-41ab-49a0-8787bc8b46f7] - [ip,useid,url,get,post][1][auth/access/points],{"_url":"\/api\/auth\/access\/points","guid":"minicarduser"},[]
[WARNING][Thu, 11 Dec 25 10:01:35 +0800][a599c4ba-008b-3f6d-4183-2de11bfbdc23] - [ip,useid,url,get,post][1][lesscode/index/list],{"_url":"\/api\/lesscode\/index\/list","guid":"minicarduser"},{"guid":"minicarduser","page":"1","limit":"15"}
[WARNING][Thu, 11 Dec 25 10:01:36 +0800][a599c4ba-008b-3f6d-4183-2de11bfbdc23] - [ip,useid,url,get,post][1][operate/minicard/minicarduser/list],{"_url":"\/api\/lesscode\/index\/list","guid":"minicarduser"},{"guid":"minicarduser","page":"1","limit":"15"}
[WARNING][Thu, 11 Dec 25 10:01:53 +0800][3243549d-3d4e-354d-c4dc-4e7a605ad2ae] - [ip,useid,url,get,post][1][operate/minicard/minicarduser/invalid],{"_url":"\/api\/operate\/minicard\/minicarduser\/invalid"},{"id":"1","guid":"minicarduser"}
[INFO][Thu, 11 Dec 25 10:01:56 +0800][3243549d-3d4e-354d-c4dc-4e7a605ad2ae] - [RPC] curl_cmd:curl -X POST -H 'Content-Length:26' -H 'User-Agent:GuzzleHttp/6.5.1 curl/7.64.0 PHP/7.2.34' -H 'Content-Type:application/json' -H 'Host:dev.partystar.cloud' -H 'X-Request-Id:3243549d-3d4e-354d-c4dc-4e7a605ad2ae' -d '{"id":1,"oprater":"admin"}' 'https://dev.partystar.cloud/gk/v1/item/itemCard/internal/invalidUserItemCard'|response_status_code:200|response_body:{"common":{"err_code":500, "msg":""}, "id":0}|cost:1272.17
[INFO][Thu, 11 Dec 25 10:01:56 +0800][3243549d-3d4e-354d-c4dc-4e7a605ad2ae] - Servers responses with status code 200 and this is OK, won't retry
[WARNING][Thu, 11 Dec 25 11:33:49 +0800][dc00834a-9e7e-becf-e35b-962c7f858e10] - [ip,useid,url,get,post][1][lesscode/index/listConfig],{"_url":"\/api\/lesscode\/index\/listConfig","guid":"minicarduser"},{"guid":"minicarduser"}
[WARNING][Thu, 11 Dec 25 11:33:54 +0800][903dc249-7bf9-d414-7609-8563b7da260f] - [ip,useid,url,get,post][1][lesscode/index/list],{"_url":"\/api\/lesscode\/index\/list","guid":"minicarduser"},{"guid":"minicarduser","page":"1","limit":"15"}
[WARNING][Thu, 11 Dec 25 11:33:55 +0800][903dc249-7bf9-d414-7609-8563b7da260f] - [ip,useid,url,get,post][1][operate/minicard/minicarduser/list],{"_url":"\/api\/lesscode\/index\/list","guid":"minicarduser"},{"guid":"minicarduser","page":"1","limit":"15"}
[WARNING][Thu, 11 Dec 25 11:33:54 +0800][589e3bb0-1e9b-62b2-ad6d-9cce0aa41bef] - [ip,useid,url,get,post][1][auth/access/points],{"_url":"\/api\/auth\/access\/points","guid":"minicarduser"},[]
[WARNING][Thu, 11 Dec 25 14:56:27 +0800][b599c092-cd7b-2b13-8f4f-cc50c057f3aa] - [ip,useid,url,get,post][1][auth/menu/index],{"_url":"\/api\/auth\/menu\/index"},[]
[WARNING][Thu, 11 Dec 25 14:56:33 +0800][b751fd8c-d848-d835-1845-f048ca6400ae] - [ip,useid,url,get,post][1][lesscode/index/listConfig],{"_url":"\/api\/lesscode\/index\/listConfig","guid":"minicarduser"},{"guid":"minicarduser"}
[WARNING][Thu, 11 Dec 25 14:56:38 +0800][91b55738-7a5d-4b55-8d3c-751dd8b3a8ac] - [ip,useid,url,get,post][1][lesscode/index/list],{"_url":"\/api\/lesscode\/index\/list","guid":"minicarduser"},{"guid":"minicarduser","page":"1","limit":"15"}
[WARNING][Thu, 11 Dec 25 14:56:39 +0800][91b55738-7a5d-4b55-8d3c-751dd8b3a8ac] - [ip,useid,url,get,post][1][operate/minicard/minicarduser/list],{"_url":"\/api\/lesscode\/index\/list","guid":"minicarduser"},{"guid":"minicarduser","page":"1","limit":"15"}
[WARNING][Thu, 11 Dec 25 14:56:38 +0800][493f5bd0-1b8f-2e9d-ab75-047ae2ce9c55] - [ip,useid,url,get,post][1][auth/access/points],{"_url":"\/api\/auth\/access\/points","guid":"minicarduser"},[]
[WARNING][Thu, 11 Dec 25 14:56:54 +0800][6b831320-ab9a-1af9-36e9-04a6f5205ac7] - [ip,useid,url,get,post][1][auth/menu/index],{"_url":"\/api\/auth\/menu\/index"},[]
[WARNING][Thu, 11 Dec 25 14:57:03 +0800][e1394e64-cb1d-e708-ad6d-76c2c4d16764] - [ip,useid,url,get,post][1][auth/login/index],{"_url":"\/api\/auth\/login\/index"},{"username":"admin@ee.com"}
[WARNING][Thu, 11 Dec 25 14:57:04 +0800][bc7c5e7d-89c8-66c9-802f-d645407005b6] - [ip,useid,url,get,post][1][auth/menu/index],{"_url":"\/api\/auth\/menu\/index"},[]
[WARNING][Thu, 11 Dec 25 14:57:33 +0800][5641e6fe-e81f-ee65-3941-617c1ba29250] - [ip,useid,url,get,post][1][lesscode/index/listConfig],{"_url":"\/api\/lesscode\/index\/listConfig","guid":"imagetolink"},{"guid":"imagetolink"}
[WARNING][Thu, 11 Dec 25 14:57:37 +0800][315c2b44-0d7a-52be-28ac-6fb58644ae42] - [ip,useid,url,get,post][1][lesscode/index/list],{"_url":"\/api\/lesscode\/index\/list","guid":"imagetolink"},{"guid":"imagetolink","page":"1","limit":"15"}
[WARNING][Thu, 11 Dec 25 14:57:38 +0800][315c2b44-0d7a-52be-28ac-6fb58644ae42] - [ip,useid,url,get,post][1][operate/imagetolink/list],{"_url":"\/api\/lesscode\/index\/list","guid":"imagetolink"},{"guid":"imagetolink","page":"1","limit":"15"}
[WARNING][Thu, 11 Dec 25 14:57:37 +0800][9593ee20-4833-dd25-079b-b87dcc499a8d] - [ip,useid,url,get,post][1][auth/access/points],{"_url":"\/api\/auth\/access\/points","guid":"activitytaskgameplay"},[]
[WARNING][Thu, 11 Dec 25 14:57:37 +0800][c5da7a23-56ff-6e5f-e463-455419bb192d] - [ip,useid,url,get,post][1][lesscode/index/listConfig],{"_url":"\/api\/lesscode\/index\/listConfig","guid":"activitytaskgameplay"},{"guid":"activitytaskgameplay"}
[WARNING][Thu, 11 Dec 25 14:57:42 +0800][723e6bbc-d9ce-fbce-71c3-718b6ec6a5ef] - [ip,useid,url,get,post][1][auth/access/points],{"_url":"\/api\/auth\/access\/points","guid":"activitytaskgameplay"},[]
[WARNING][Thu, 11 Dec 25 14:57:42 +0800][4b5fc6b4-18e4-4dd3-9f25-b59674f65add] - [ip,useid,url,get,post][1][lesscode/index/list],{"_url":"\/api\/lesscode\/index\/list","guid":"activitytaskgameplay"},{"guid":"activitytaskgameplay","page":"1","limit":"15"}
[WARNING][Thu, 11 Dec 25 14:57:42 +0800][4b5fc6b4-18e4-4dd3-9f25-b59674f65add] - [ip,useid,url,get,post][1][operate/activity/activitytaskgameplay/list],{"_url":"\/api\/lesscode\/index\/list","guid":"activitytaskgameplay"},{"guid":"activitytaskgameplay","page":"1","limit":"15"}
[WARNING][Thu, 11 Dec 25 14:58:03 +0800][7e118fb4-8162-c521-2977-8b0af5f3ca42] - [ip,useid,url,get,post][1][operate/activity/activitytaskgameplay/list],{"_url":"\/api\/operate\/activity\/activitytaskgameplay\/list","c":"options"},[]
[WARNING][Thu, 11 Dec 25 14:58:03 +0800][e8d07a42-dcb0-ee1c-1ee1-85d43e68fb96] - [ip,useid,url,get,post][1][operate/activity/activitytaskgameplay/info],{"_url":"\/api\/operate\/activity\/activitytaskgameplay\/info","id":"4705"},[]
[WARNING][Thu, 11 Dec 25 14:58:03 +0800][54ed525d-9ec5-5fb4-949e-c629f3183672] - [ip,useid,url,get,post][1][operate/activity/activitytaskgameplay/list],{"_url":"\/api\/operate\/activity\/activitytaskgameplay\/list","c":"award"},[]
[WARNING][Thu, 11 Dec 25 14:58:13 +0800][5b511135-8bfd-0302-dbac-a70603221fc9] - [ip,useid,url,get,post][1][lesscode/index/list],{"_url":"\/api\/lesscode\/index\/list","guid":"activitytaskgameplay"},{"guid":"activitytaskgameplay","page":"1","limit":"15","type":"task"}
[WARNING][Thu, 11 Dec 25 14:58:13 +0800][5b511135-8bfd-0302-dbac-a70603221fc9] - [ip,useid,url,get,post][1][operate/activity/activitytaskgameplay/list],{"_url":"\/api\/lesscode\/index\/list","guid":"activitytaskgameplay"},{"guid":"activitytaskgameplay","page":"1","limit":"15","type":"task"}
[WARNING][Thu, 11 Dec 25 14:58:22 +0800][0588d1cf-936d-2b9d-3384-039fc524d1a6] - [ip,useid,url,get,post][1][operate/activity/activitytaskgameplay/list],{"_url":"\/api\/operate\/activity\/activitytaskgameplay\/list","c":"options"},[]
[WARNING][Thu, 11 Dec 25 14:58:22 +0800][c6dc71bd-29f6-4e8a-3963-a12639c8d4b8] - [ip,useid,url,get,post][1][operate/activity/activitytaskgameplay/info],{"_url":"\/api\/operate\/activity\/activitytaskgameplay\/info","id":"4695"},[]
[WARNING][Thu, 11 Dec 25 14:58:22 +0800][f30188f1-961f-3b69-2669-efcd06c83005] - [ip,useid,url,get,post][1][operate/activity/activitytaskgameplay/list],{"_url":"\/api\/operate\/activity\/activitytaskgameplay\/list","c":"award"},[]
[WARNING][Thu, 11 Dec 25 14:58:47 +0800][84c116cb-f6dc-7adf-55c9-12b7e82014d7] - [ip,useid,url,get,post][1][auth/menu/index],{"_url":"\/api\/auth\/menu\/index"},[]
[WARNING][Thu, 11 Dec 25 14:58:51 +0800][58aadde3-110b-c3ac-7575-c9771bee2433] - [ip,useid,url,get,post][1][auth/menu/index],{"_url":"\/api\/auth\/menu\/index"},[]
[WARNING][Thu, 11 Dec 25 14:58:52 +0800][a77e7837-3b3a-7cba-468b-63b8ecea14e1] - [ip,useid,url,get,post][1][lesscode/index/listConfig],{"_url":"\/api\/lesscode\/index\/listConfig","guid":"activitytaskgameplay"},{"guid":"activitytaskgameplay"}
[WARNING][Thu, 11 Dec 25 14:58:56 +0800][010a7299-a115-3ee1-0fb1-e10eb6366d39] - [ip,useid,url,get,post][1][auth/access/points],{"_url":"\/api\/auth\/access\/points","guid":"activitytaskgameplay"},[]
[WARNING][Thu, 11 Dec 25 14:58:57 +0800][75b384b0-32b8-21d7-5cba-0bb810bb6a61] - [ip,useid,url,get,post][1][lesscode/index/listConfig],{"_url":"\/api\/lesscode\/index\/listConfig","guid":"minicarduser"},{"guid":"minicarduser"}
[WARNING][Thu, 11 Dec 25 14:58:56 +0800][e323b730-861a-0c5f-1d92-eafd24a56cfc] - [ip,useid,url,get,post][1][lesscode/index/list],{"_url":"\/api\/lesscode\/index\/list","guid":"activitytaskgameplay"},{"guid":"activitytaskgameplay","page":"1","limit":"15"}
[WARNING][Thu, 11 Dec 25 14:58:57 +0800][e323b730-861a-0c5f-1d92-eafd24a56cfc] - [ip,useid,url,get,post][1][operate/activity/activitytaskgameplay/list],{"_url":"\/api\/lesscode\/index\/list","guid":"activitytaskgameplay"},{"guid":"activitytaskgameplay","page":"1","limit":"15"}
[WARNING][Thu, 11 Dec 25 14:59:02 +0800][179f64f2-05b1-9941-f97e-ffe991bdbe9f] - [ip,useid,url,get,post][1][lesscode/index/list],{"_url":"\/api\/lesscode\/index\/list","guid":"minicarduser"},{"guid":"minicarduser","page":"1","limit":"15"}
[WARNING][Thu, 11 Dec 25 14:59:03 +0800][179f64f2-05b1-9941-f97e-ffe991bdbe9f] - [ip,useid,url,get,post][1][operate/minicard/minicarduser/list],{"_url":"\/api\/lesscode\/index\/list","guid":"minicarduser"},{"guid":"minicarduser","page":"1","limit":"15"}
[WARNING][Thu, 11 Dec 25 14:59:02 +0800][b5a1a87e-854a-c920-e30f-e0903dfcb383] - [ip,useid,url,get,post][1][auth/access/points],{"_url":"\/api\/auth\/access\/points","guid":"minicarduser"},[]
[WARNING][Thu, 11 Dec 25 15:23:57 +0800][3ad56c06-d410-1049-9a9e-546bd73d8b04] - [ip,useid,url,get,post][1][lesscode/index/list],{"_url":"\/api\/lesscode\/index\/list","guid":"activitytaskgameplay"},{"guid":"activitytaskgameplay","page":"1","limit":"15","type":"task"}
[WARNING][Thu, 11 Dec 25 15:23:58 +0800][3ad56c06-d410-1049-9a9e-546bd73d8b04] - [ip,useid,url,get,post][1][operate/activity/activitytaskgameplay/list],{"_url":"\/api\/lesscode\/index\/list","guid":"activitytaskgameplay"},{"guid":"activitytaskgameplay","page":"1","limit":"15","type":"task"}
[WARNING][Thu, 11 Dec 25 15:24:08 +0800][3dcbc73f-39d6-fb8d-6cbf-08f271692afa] - [ip,useid,url,get,post][1][operate/activity/activitytaskgameplay/list],{"_url":"\/api\/operate\/activity\/activitytaskgameplay\/list","c":"options"},[]
[WARNING][Thu, 11 Dec 25 15:24:08 +0800][0f602aa4-62ce-8fac-06ad-0ddf84187476] - [ip,useid,url,get,post][1][operate/activity/activitytaskgameplay/info],{"_url":"\/api\/operate\/activity\/activitytaskgameplay\/info","id":"4695"},[]
[WARNING][Thu, 11 Dec 25 15:24:08 +0800][f79b2784-04a0-2e07-5799-91a88b8f1a30] - [ip,useid,url,get,post][1][operate/activity/activitytaskgameplay/list],{"_url":"\/api\/operate\/activity\/activitytaskgameplay\/list","c":"award"},[]
[WARNING][Thu, 11 Dec 25 15:25:57 +0800][bfe18e40-47fd-bece-7b1a-0b308e82f5f3] - [ip,useid,url,get,post][1][operate/activity/activitytaskgameplay/modify],{"_url":"\/api\/operate\/activity\/activitytaskgameplay\/modify"},{"title":"\u5730\u56fe\u65b0\u53d1\u5956","language":"zh_cn","bigarea_id":["2"],"time_offset":"8","start_time":"2025-10-24 00:00:00","end_time":"2025-12-26 23:59:59","type":"task","tag_list_type":"2","has_be_related":"1","vision_type":"7","button_desc":"","rank_object":"5","sub_rank_object":"2","data_period":"30","divide_track":"0","divide_type":"1","broker_distance_start_day":"","button_list_id":"15378","button_tag_id":"9313","id":"4695","vision_content_json":"{\"module_bgc_color_vc\":\"#ff0000\",\"all_border_box_color_vc\":\"#ff0000\",\"master_text_color_vc\":\"#ff0000\",\"title_text_color_vc\":\"#ff0000\",\"progress_center_color_vc\":\"#ff0000\",\"award_padding_color_vc\":\"#ff0000\",\"progress_text_color_vc\":\"#ff0000\",\"title_bottom_box_vc\":\"202504\/11\/288692634567f8b70005d092.50657459.png\",\"info_bottom_box_vc\":\"202504\/11\/288692634567f8b708e58fb5.34311817.png\",\"score_1icon_vc\":\"202504\/11\/288692634567f8b717d611a8.26923690.png\",\"score_task_bottom_img_vc\":\"202504\/11\/288692634567f8b720e33563.99131086.png\",\"lv_icon\":[{\"lv\":1,\"lit_icon\":\"\",\"unlit_icon\":\"\"}],\"background_color3_vc\":\"#ff0000\",\"title_border_text_color3_vc\":\"#ff0000\",\"level_score_text_color3_vc\":\"#ff0000\",\"all_border_box_color3_vc\":\"#ff0000\",\"gift_module_bgc_color3_vc\":\"#ff0000\",\"map_module_bgc_color3_vc\":\"#ff0000\",\"master_text_color3_vc\":\"#ff0000\",\"reward_rule_border_img3_vc\":\"202509\/10\/288692634568c16865949cc4.07170956.png\",\"gift_show_module_decoration_img3_vc\":\"202509\/10\/288692634568c1686b8b08f5.59605095.png\",\"map_module_decoration_img3_vc\":\"202509\/10\/288692634568c1686f864a29.60605807.png\",\"user_info_module_decoration_img3_vc\":\"202509\/10\/288692634568c16872d25311.21482159.png\",\"score_3icon_vc\":\"202509\/10\/288692634568c16876272ab1.06790204.png\",\"road_img3_vc\":\"202509\/10\/288692634568c1687ca78299.42970386.png\",\"task_bottom_box_img3_vc\":\"202509\/10\/288692634568c16880700066.49049106.png\",\"button_img3_vc\":\"202509\/10\/288692634568c16883dd4505.83642004.png\",\"map_bgc_top_half_decoration_img3_vc\":\"202509\/10\/288692634568c1688742b9d5.27563622.png\",\"map_bgc_bottom_half_decoration_img3_vc\":\"202509\/10\/288692634568c1688aa98022.02360304.png\",\"title_text_color3_vc\":\"#ff0000\",\"title_bottom_box3_vc\":\"202510\/21\/288692634568f763e6f04b43.60395085.png\"}","score_source":"[{\"source_type\":1,\"scope\":[2],\"is_only_cross_room_pk\":\"1\",\"source_config\":[{\"type\":\"10\",\"score\":\"10\",\"gift_id\":null,\"is_only_cross_room_pk\":\"1\",\"pk_valid_type\":\"2\",\"pk_time\":\"1\",\"pk_gift\":\"10\",\"vDomKey\":47244168}],\"vDomKey\":94290148},{\"vDomKey\":80791221,\"source_config\":[{\"vDomKey\":96435384,\"type\":\"11\",\"score\":\"1\",\"gift_id\":null,\"pk_valid_type\":\"2\",\"pk_time\":\"1\",\"pk_gift\":\"10\"}],\"source_type\":1,\"scope\":[2],\"is_only_cross_room_pk\":\"1\"}]","rank_award":"[{\"rank\":1,\"score_min\":11,\"lit_icon\":\"\",\"lit_icon_all\":\"\",\"unlit_icon\":\"\",\"unlit_icon_all\":\"\",\"rank_award_arr\":[{\"id\":\"175253\",\"score_min\":\"11\",\"award_type\":\"1\",\"cid\":\"0\",\"exp_days\":0,\"days\":0,\"vip_level\":\"0\",\"give_type\":\"0\",\"content\":\"\",\"icon\":\"\",\"num\":1,\"stock_type\":\"0\",\"lv_award_stock\":0,\"effective_hours\":0,\"vDomKey\":87735006}],\"vDomKey\":42488184}]"}
[INFO][Thu, 11 Dec 25 15:25:59 +0800][bfe18e40-47fd-bece-7b1a-0b308e82f5f3] - scoreData:[{"type":"10","score":"10","gift_id":0,"scope":"2","is_only_cross_room_pk":1,"extend_id":0,"extend_sub_id":0,"pk_valid_extend":"{\"pk_valid_type\":2,\"pk_time\":1,\"pk_gift\":10}","dateline":1765437957,"admin_id":1,"act_id":"4695","list_id":"15378","id":1337},{"type":"11","score":"1","gift_id":0,"scope":"2","is_only_cross_room_pk":1,"extend_id":0,"extend_sub_id":0,"pk_valid_extend":"{\"pk_valid_type\":2,\"pk_time\":1,\"pk_gift\":10}","dateline":1765437957,"admin_id":1,"act_id":"4695","list_id":"15378","id":1338}]
[WARNING][Thu, 11 Dec 25 15:26:00 +0800][a013c2ad-8dde-6fcc-6bf4-464de624cffd] - [ip,useid,url,get,post][1][lesscode/index/list],{"_url":"\/api\/lesscode\/index\/list","guid":"activitytaskgameplay"},{"guid":"activitytaskgameplay","page":"1","limit":"15","type":"task"}
[WARNING][Thu, 11 Dec 25 15:26:01 +0800][a013c2ad-8dde-6fcc-6bf4-464de624cffd] - [ip,useid,url,get,post][1][operate/activity/activitytaskgameplay/list],{"_url":"\/api\/lesscode\/index\/list","guid":"activitytaskgameplay"},{"guid":"activitytaskgameplay","page":"1","limit":"15","type":"task"}
[WARNING][Thu, 11 Dec 25 15:26:08 +0800][98140bea-e205-7668-86c7-898a6c16caf4] - [ip,useid,url,get,post][1][operate/activity/activitytaskgameplay/list],{"_url":"\/api\/operate\/activity\/activitytaskgameplay\/list","c":"options"},[]
[WARNING][Thu, 11 Dec 25 15:26:08 +0800][19d7148a-c5d9-a198-f43f-652157c7ba90] - [ip,useid,url,get,post][1][operate/activity/activitytaskgameplay/info],{"_url":"\/api\/operate\/activity\/activitytaskgameplay\/info","id":"4695"},[]
[WARNING][Thu, 11 Dec 25 15:26:08 +0800][a63996b2-ea15-3bde-8cdf-ee7ff375ccc4] - [ip,useid,url,get,post][1][operate/activity/activitytaskgameplay/list],{"_url":"\/api\/operate\/activity\/activitytaskgameplay\/list","c":"award"},[]
[WARNING][Thu, 11 Dec 25 15:27:25 +0800][7193fbc6-ed75-04f2-0267-920ff4ac04e7] - [ip,useid,url,get,post][1][lesscode/index/list],{"_url":"\/api\/lesscode\/index\/list","guid":"activitytaskgameplay"},{"guid":"activitytaskgameplay","page":"1","limit":"15","type":"task"}
[WARNING][Thu, 11 Dec 25 15:27:26 +0800][7193fbc6-ed75-04f2-0267-920ff4ac04e7] - [ip,useid,url,get,post][1][operate/activity/activitytaskgameplay/list],{"_url":"\/api\/lesscode\/index\/list","guid":"activitytaskgameplay"},{"guid":"activitytaskgameplay","page":"1","limit":"15","type":"task"}
[WARNING][Thu, 11 Dec 25 15:28:28 +0800][7324e936-52e4-921b-b34f-ad63b13c0cb8] - [ip,useid,url,get,post][1][lesscode/index/list],{"_url":"\/api\/lesscode\/index\/list","guid":"activitytaskgameplay"},{"guid":"activitytaskgameplay","page":"1","limit":"15","type":"task"}
[WARNING][Thu, 11 Dec 25 15:28:29 +0800][7324e936-52e4-921b-b34f-ad63b13c0cb8] - [ip,useid,url,get,post][1][operate/activity/activitytaskgameplay/list],{"_url":"\/api\/lesscode\/index\/list","guid":"activitytaskgameplay"},{"guid":"activitytaskgameplay","page":"1","limit":"15","type":"task"}
[WARNING][Thu, 11 Dec 25 15:28:28 +0800][14187819-05ae-b167-51d4-114276b2a16f] - [ip,useid,url,get,post][1][lesscode/index/list],{"_url":"\/api\/lesscode\/index\/list","guid":"activitytaskgameplay"},{"guid":"activitytaskgameplay","page":"1","limit":"15","type":"task"}
[WARNING][Thu, 11 Dec 25 15:28:29 +0800][14187819-05ae-b167-51d4-114276b2a16f] - [ip,useid,url,get,post][1][operate/activity/activitytaskgameplay/list],{"_url":"\/api\/lesscode\/index\/list","guid":"activitytaskgameplay"},{"guid":"activitytaskgameplay","page":"1","limit":"15","type":"task"}
